2013-07-22 19:30:11,164 - ERROR - <div style="border:1px solid #990000;padding-left:20px;margin:0 0 10px 0;">

<h4>A PHP Error was encountered</h4>

<p>Severity: Notice</p>
<p>Message:  Undefined property: Nologin::$report_model</p>
<p>Filename: controllers/nologin.php</p>
<p>Line Number: 36</p>

</div><br />
<b>Fatal error</b>:  Call to a member function checkLogdbTdwIntegrity() on a non-object in <b>D:\xampp\htdocs\metadata\WebMG\application\controllers\nologin.php</b> on line <b>36</b><br />
 - http://127.0.0.11/index.php/nologin/sendTdwIntegrity/53/2013-07-21/100/1
2013-07-22 19:30:12,216 - ERROR - <div style="border:1px solid #990000;padding-left:20px;margin:0 0 10px 0;">

<h4>A PHP Error was encountered</h4>

<p>Severity: Notice</p>
<p>Message:  Undefined property: Nologin::$report_model</p>
<p>Filename: controllers/nologin.php</p>
<p>Line Number: 36</p>

</div><br />
<b>Fatal error</b>:  Call to a member function checkLogdbTdwIntegrity() on a non-object in <b>D:\xampp\htdocs\metadata\WebMG\application\controllers\nologin.php</b> on line <b>36</b><br />
 - http://127.0.0.11/index.php/nologin/sendTdwIntegrity/123/2013-07-21/100/1
2013-07-22 19:30:13,282 - ERROR - <div style="border:1px solid #990000;padding-left:20px;margin:0 0 10px 0;">

<h4>A PHP Error was encountered</h4>

<p>Severity: Notice</p>
<p>Message:  Undefined property: Nologin::$report_model</p>
<p>Filename: controllers/nologin.php</p>
<p>Line Number: 36</p>

</div><br />
<b>Fatal error</b>:  Call to a member function checkLogdbTdwIntegrity() on a non-object in <b>D:\xampp\htdocs\metadata\WebMG\application\controllers\nologin.php</b> on line <b>36</b><br />
 - http://127.0.0.11/index.php/nologin/sendTdwIntegrity/1231/2013-07-21/100/1
2013-07-22 19:30:14,342 - ERROR - <div style="border:1px solid #990000;padding-left:20px;margin:0 0 10px 0;">

<h4>A PHP Error was encountered</h4>

<p>Severity: Notice</p>
<p>Message:  Undefined property: Nologin::$report_model</p>
<p>Filename: controllers/nologin.php</p>
<p>Line Number: 36</p>

</div><br />
<b>Fatal error</b>:  Call to a member function checkLogdbTdwIntegrity() on a non-object in <b>D:\xampp\htdocs\metadata\WebMG\application\controllers\nologin.php</b> on line <b>36</b><br />
 - http://127.0.0.11/index.php/nologin/sendTdwIntegrity/231/2013-07-21/100/1
2013-07-22 19:30:15,394 - ERROR - <div style="border:1px solid #990000;padding-left:20px;margin:0 0 10px 0;">

<h4>A PHP Error was encountered</h4>

<p>Severity: Notice</p>
<p>Message:  Undefined property: Nologin::$report_model</p>
<p>Filename: controllers/nologin.php</p>
<p>Line Number: 36</p>

</div><br />
<b>Fatal error</b>:  Call to a member function checkLogdbTdwIntegrity() on a non-object in <b>D:\xampp\htdocs\metadata\WebMG\application\controllers\nologin.php</b> on line <b>36</b><br />
 - http://127.0.0.11/index.php/nologin/sendTdwIntegrity/1/2013-07-21/100/1
2013-07-22 19:30:16,464 - ERROR - <div style="border:1px solid #990000;padding-left:20px;margin:0 0 10px 0;">

<h4>A PHP Error was encountered</h4>

<p>Severity: Notice</p>
<p>Message:  Undefined property: Nologin::$report_model</p>
<p>Filename: controllers/nologin.php</p>
<p>Line Number: 36</p>

</div><br />
<b>Fatal error</b>:  Call to a member function checkLogdbTdwIntegrity() on a non-object in <b>D:\xampp\htdocs\metadata\WebMG\application\controllers\nologin.php</b> on line <b>36</b><br />
 - http://127.0.0.11/index.php/nologin/sendTdwIntegrity/2/2013-07-21/100/1
2013-07-22 19:30:17,522 - ERROR - <div style="border:1px solid #990000;padding-left:20px;margin:0 0 10px 0;">

<h4>A PHP Error was encountered</h4>

<p>Severity: Notice</p>
<p>Message:  Undefined property: Nologin::$report_model</p>
<p>Filename: controllers/nologin.php</p>
<p>Line Number: 36</p>

</div><br />
<b>Fatal error</b>:  Call to a member function checkLogdbTdwIntegrity() on a non-object in <b>D:\xampp\htdocs\metadata\WebMG\application\controllers\nologin.php</b> on line <b>36</b><br />
 - http://127.0.0.11/index.php/nologin/sendTdwIntegrity/2/2013-07-21/100/1
2013-07-22 19:30:18,592 - ERROR - <div style="border:1px solid #990000;padding-left:20px;margin:0 0 10px 0;">

<h4>A PHP Error was encountered</h4>

<p>Severity: Notice</p>
<p>Message:  Undefined property: Nologin::$report_model</p>
<p>Filename: controllers/nologin.php</p>
<p>Line Number: 36</p>

</div><br />
<b>Fatal error</b>:  Call to a member function checkLogdbTdwIntegrity() on a non-object in <b>D:\xampp\htdocs\metadata\WebMG\application\controllers\nologin.php</b> on line <b>36</b><br />
 - http://127.0.0.11/index.php/nologin/sendTdwIntegrity/22/2013-07-21/100/1
2013-07-22 19:30:19,651 - ERROR - <div style="border:1px solid #990000;padding-left:20px;margin:0 0 10px 0;">

<h4>A PHP Error was encountered</h4>

<p>Severity: Notice</p>
<p>Message:  Undefined property: Nologin::$report_model</p>
<p>Filename: controllers/nologin.php</p>
<p>Line Number: 36</p>

</div><br />
<b>Fatal error</b>:  Call to a member function checkLogdbTdwIntegrity() on a non-object in <b>D:\xampp\htdocs\metadata\WebMG\application\controllers\nologin.php</b> on line <b>36</b><br />
 - http://127.0.0.11/index.php/nologin/sendTdwIntegrity/3/2013-07-21/100/1
2013-07-22 19:30:20,723 - ERROR - <div style="border:1px solid #990000;padding-left:20px;margin:0 0 10px 0;">

<h4>A PHP Error was encountered</h4>

<p>Severity: Notice</p>
<p>Message:  Undefined property: Nologin::$report_model</p>
<p>Filename: controllers/nologin.php</p>
<p>Line Number: 36</p>

</div><br />
<b>Fatal error</b>:  Call to a member function checkLogdbTdwIntegrity() on a non-object in <b>D:\xampp\htdocs\metadata\WebMG\application\controllers\nologin.php</b> on line <b>36</b><br />
 - http://127.0.0.11/index.php/nologin/sendTdwIntegrity/4/2013-07-21/100/1
