DEBUG:root:this is test for log debug!
DEBUG:root:this is test for log debug!
DEBUG:root:this is test for log debug!
DEBUG:root:this is test for log debug!
DEBUG:root:this is test for log debug!
DEBUG:root:this is test for log debug!
DEBUG:root:this is test for log debug!
DEBUG:root:this is test for log debug!
DEBUG:root:this is test for log debug!
DEBUG:root:this is test for log debug!
DEBUG:root:this is test for log debug!
DEBUG:root:this is test for log debug!
DEBUG:root:this is test for log debug!
INFO:root:this is test for log info!
DEBUG:root:this is test for log debug!
INFO:root:this is test for log info!00
DEBUG:root:this is test for log debug!
INFO:root:this is test for log info!
DEBUG:log.log:this is test for log debug!
INFO:log.log:this is test for log info!
INFO:root:hello world
2013-07-22 11:47:20,954 - root - INFO - hello world
2013-07-22 16:23:14,555 - root - INFO - hello world
2013-07-22 16:45:22 - root - INFO - hello world
2013-07-22 16:45:59 - root - INFO - hello world
2013-07-22 16:45:59 - root - INFO - hello world
2013-07-22 16:46:26 - INFO - hello world
2013-08-12 15:35:23,482 - ERROR - 1231ssssssss23123
